<?xml version="1.0" encoding="UTF-8"?>
<!-- Generated by org.testng.reporters.JUnitReportReporter -->
<testsuite hostname="DESKTOP-JLPB341" failures="0" tests="1" name="TestCases.VerifyLogin2" time="17.439" errors="0" timestamp="2023-09-10T21:21:08 IST" skipped="0">
  <testcase classname="TestCases.VerifyLogin2" name="login" time="17.439"/>
</testsuite> <!-- TestCases.VerifyLogin2 -->
