<?xml version="1.0" encoding="UTF-8"?>
<!-- Generated by org.testng.reporters.JUnitReportReporter -->
<testsuite hostname="DESKTOP-JLPB341" failures="0" tests="1" name="TestCases.HandlingExcelSheet" time="0.823" errors="0" timestamp="2023-09-06T16:38:54 IST" skipped="0">
  <testcase classname="TestCases.HandlingExcelSheet" name="M1" time="0.823"/>
</testsuite> <!-- TestCases.HandlingExcelSheet -->
