<?xml version="1.0" encoding="UTF-8"?>
<!-- Generated by org.testng.reporters.JUnitReportReporter -->
<testsuite hostname="DESKTOP-JLPB341" failures="0" tests="1" name="TestCases.Verifylogin" time="27.027" errors="0" timestamp="2023-09-09T13:18:04 IST" skipped="0">
  <testcase classname="TestCases.Verifylogin" name="login" time="27.027"/>
</testsuite> <!-- TestCases.Verifylogin -->
