<?xml version="1.0" encoding="UTF-8"?>
<!-- Generated by org.testng.reporters.JUnitReportReporter -->
<testsuite hostname="DESKTOP-JLPB341" failures="0" tests="1" name="TestCases.VerifySignup" time="21.585" errors="0" timestamp="2023-09-11T16:49:10 IST" skipped="0">
  <testcase classname="TestCases.VerifySignup" name="signup" time="21.585"/>
</testsuite> <!-- TestCases.VerifySignup -->
