<?xml version="1.0" encoding="UTF-8"?>
<!-- Generated by org.testng.reporters.JUnitReportReporter -->
<testsuite hostname="DESKTOP-JLPB341" failures="0" tests="1" name="TestCases.A" time="13.527" errors="0" timestamp="2023-09-02T18:13:43 IST" skipped="0">
  <testcase classname="TestCases.A" name="M1" time="13.527"/>
</testsuite> <!-- TestCases.A -->
