<?xml version="1.0" encoding="UTF-8"?>
<!-- Generated by org.testng.reporters.JUnitReportReporter -->
<testsuite hostname="DESKTOP-JLPB341" failures="0" tests="1" name="TestCases.PrintingAllLinks" time="74.572" errors="0" timestamp="2023-09-05T16:13:27 IST" skipped="0">
  <testcase classname="TestCases.PrintingAllLinks" name="printingLinks" time="74.572"/>
</testsuite> <!-- TestCases.PrintingAllLinks -->
